{"level":"info","message":"Web server listening: 5001","timestamp":"2014-08-01T12:26:47.443Z"}
{"level":"info","message":"Mongoose open connection: mongodb://127.0.0.1/budget_dev","timestamp":"2014-08-01T12:26:47.528Z"}
{"level":"info","message":"Web server listening: 5001","timestamp":"2014-08-04T07:01:25.807Z"}
{"level":"error","message":"","timestamp":"2014-08-04T07:01:25.817Z"}
{"level":"info","message":"Web server listening: 5001","timestamp":"2014-08-04T07:01:39.503Z"}
{"level":"error","message":"","timestamp":"2014-08-04T07:01:39.521Z"}
{"level":"info","message":"Web server listening: 5001","timestamp":"2014-08-04T07:02:21.162Z"}
{"level":"info","message":"Mongoose open connection: mongodb://127.0.0.1/budget_dev","timestamp":"2014-08-04T07:02:21.197Z"}
{"status":404,"url":"/favicon.ico","level":"warn","message":"","timestamp":"2014-08-04T07:03:01.303Z"}
{"status":404,"url":"/favicon.ico","level":"warn","message":"","timestamp":"2014-08-04T07:18:38.076Z"}
{"status":404,"url":"/favicon.ico","level":"warn","message":"","timestamp":"2014-08-04T07:18:38.116Z"}
{"status":404,"url":"/favicon.ico","level":"warn","message":"","timestamp":"2014-08-04T07:18:38.150Z"}
{"status":404,"url":"/favicon.ico","level":"warn","message":"","timestamp":"2014-08-04T07:19:25.617Z"}
{"status":404,"url":"/favicon.ico","level":"warn","message":"","timestamp":"2014-08-04T07:19:30.150Z"}
{"status":404,"url":"/favicon.ico","level":"warn","message":"","timestamp":"2014-08-04T07:19:33.929Z"}
{"status":404,"url":"/favicon.ico","level":"warn","message":"","timestamp":"2014-08-04T07:44:30.200Z"}
{"level":"info","message":"Web server listening: 5001","timestamp":"2014-08-14T12:44:59.344Z"}
{"level":"error","message":"","timestamp":"2014-08-14T12:44:59.356Z"}
{"level":"info","message":"Web server listening: 5001","timestamp":"2014-08-14T12:45:37.548Z"}
{"level":"error","message":"","timestamp":"2014-08-14T12:45:37.560Z"}
{"level":"info","message":"Web server listening: 5001","timestamp":"2014-08-14T12:46:09.462Z"}
{"level":"info","message":"Mongoose open connection: mongodb://127.0.0.1/budget_dev","timestamp":"2014-08-14T12:46:09.499Z"}
{"status":404,"url":"/favicon.ico","level":"warn","message":"","timestamp":"2014-08-14T12:46:46.846Z"}
{"status":404,"url":"/favicon.ico","level":"warn","message":"","timestamp":"2014-08-14T13:11:10.413Z"}
{"status":404,"url":"/favicon.ico","level":"warn","message":"","timestamp":"2014-08-14T13:27:55.206Z"}
{"status":404,"url":"/favicon.ico","level":"warn","message":"","timestamp":"2014-08-14T13:45:04.317Z"}
{"status":404,"url":"/favicon.ico","level":"warn","message":"","timestamp":"2014-08-14T13:45:04.354Z"}
{"status":404,"url":"/favicon.ico","level":"warn","message":"","timestamp":"2014-08-14T13:45:04.376Z"}
{"level":"error","message":"Cannot find tag","timestamp":"2014-08-14T14:15:45.254Z"}
{"level":"error","message":"Cannot find tag","timestamp":"2014-08-14T14:21:11.295Z"}
{"level":"error","message":"Cannot find tag","timestamp":"2014-08-14T14:21:33.900Z"}
{"level":"error","message":"Cannot find tag","timestamp":"2014-08-14T14:22:02.391Z"}
{"level":"error","message":"Cannot find tag","timestamp":"2014-08-14T14:22:46.167Z"}
{"level":"error","message":"Cannot find tag","timestamp":"2014-08-14T14:23:42.864Z"}
{"level":"error","message":"Cannot find tag","timestamp":"2014-08-14T14:25:20.284Z"}
{"level":"error","message":"Cannot find tag","timestamp":"2014-08-14T14:25:51.302Z"}
{"level":"error","message":"Cannot find tag","timestamp":"2014-08-14T14:28:50.085Z"}
{"level":"error","message":"Cannot find tag","timestamp":"2014-08-14T14:30:30.100Z"}
{"status":404,"url":"/favicon.ico","level":"warn","message":"","timestamp":"2014-08-14T15:29:55.861Z"}
{"level":"info","message":"Web server listening: 5001","timestamp":"2014-08-15T08:26:09.121Z"}
{"level":"error","message":"","timestamp":"2014-08-15T08:26:09.141Z"}
{"level":"info","message":"Web server listening: 5001","timestamp":"2014-08-15T08:28:25.942Z"}
{"level":"info","message":"Mongoose open connection: mongodb://127.0.0.1/budget_dev","timestamp":"2014-08-15T08:28:26.000Z"}
{"status":404,"url":"/favicon.ico","level":"warn","message":"","timestamp":"2014-08-15T08:28:27.713Z"}
{"status":404,"url":"/js/async.js?no-cache=1408097290629","level":"warn","message":"","timestamp":"2014-08-15T10:08:11.551Z"}
{"status":404,"url":"/favicon.ico","level":"warn","message":"","timestamp":"2014-08-15T10:29:57.039Z"}
{"status":404,"url":"/favicon.ico","level":"warn","message":"","timestamp":"2014-08-15T10:31:20.199Z"}
{"status":404,"url":"/favicon.ico","level":"warn","message":"","timestamp":"2014-08-15T10:31:32.805Z"}
{"status":404,"url":"/favicon.ico","level":"warn","message":"","timestamp":"2014-08-15T10:32:25.915Z"}
{"message":"","name":"CastError","type":"ObjectId","value":"undefined","path":"_id","level":"error","timestamp":"2014-08-15T10:42:48.056Z"}
{"message":"","name":"CastError","type":"ObjectId","value":"undefined","path":"_id","level":"error","timestamp":"2014-08-15T10:43:15.198Z"}
{"message":"","name":"CastError","type":"ObjectId","value":"undefined","path":"_id","level":"error","timestamp":"2014-08-15T10:43:23.932Z"}
